<?xml version="1.0" encoding="UTF-8"?>
<!-- Generated by org.testng.reporters.JUnitReportReporter -->
<testsuite hostname="areddy-mn3" name="com.servicenow.ExecuteApplication" tests="1" failures="0" timestamp="24 Mar 2016 16:19:46 GMT" time="0.669" errors="0">
  <testcase name="testCal" time="0.669" classname="com.servicenow.ExecuteApplication"/>
</testsuite> <!-- com.servicenow.ExecuteApplication -->
