<?xml version="1.0" encoding="UTF-8"?>
<!-- Generated by org.testng.reporters.JUnitReportReporter -->
<testsuite hostname="areddy-mn3" name="com.servicenow.Tests.verifyCreateSearchEditDeleteStaffFuntionality" tests="5" failures="0" timestamp="28 Mar 2016 09:50:28 GMT" time="77.025" errors="0">
  <testcase name="testEditAStaff" time="14.876" classname="com.servicenow.Tests.verifyCreateSearchEditDeleteStaffFuntionality"/>
  <testcase name="testSearchAStaffWithStaffRelatedBranchName" time="13.532" classname="com.servicenow.Tests.verifyCreateSearchEditDeleteStaffFuntionality"/>
  <testcase name="testCreateANewStaffAndVerify" time="16.046" classname="com.servicenow.Tests.verifyCreateSearchEditDeleteStaffFuntionality"/>
  <testcase name="testDeleteAStaff" time="19.130" classname="com.servicenow.Tests.verifyCreateSearchEditDeleteStaffFuntionality"/>
  <testcase name="testSearchAStaffWithStaffName" time="13.441" classname="com.servicenow.Tests.verifyCreateSearchEditDeleteStaffFuntionality"/>
</testsuite> <!-- com.servicenow.Tests.verifyCreateSearchEditDeleteStaffFuntionality -->
