<?xml version="1.0" encoding="UTF-8"?>
<!-- Generated by org.testng.reporters.JUnitReportReporter -->
<testsuite hostname="areddy-mn3" name="com.servicenow.Tests.verifyLoginFunctionality" tests="3" failures="0" timestamp="28 Mar 2016 09:50:28 GMT" time="68.857" errors="0">
  <testcase name="testInValidCredentials" time="53.053" classname="com.servicenow.Tests.verifyLoginFunctionality"/>
  <testcase name="testValidCredentials" time="13.073" classname="com.servicenow.Tests.verifyLoginFunctionality"/>
  <testcase name="testRegisterNewUser" time="2.731" classname="com.servicenow.Tests.verifyLoginFunctionality"/>
</testsuite> <!-- com.servicenow.Tests.verifyLoginFunctionality -->
