<?xml version="1.0" encoding="UTF-8"?>
<!-- Generated by org.testng.reporters.JUnitReportReporter -->
<testsuite hostname="areddy-mn3" name="com.servicenow.Tests.verifyCreateSearchEditDeleteBranchFuntionality" tests="5" failures="0" timestamp="28 Mar 2016 09:50:28 GMT" time="77.052" errors="0">
  <testcase name="testCreateANewBranchAndVerify" time="16.059" classname="com.servicenow.Tests.verifyCreateSearchEditDeleteBranchFuntionality"/>
  <testcase name="testEditABranch" time="14.938" classname="com.servicenow.Tests.verifyCreateSearchEditDeleteBranchFuntionality"/>
  <testcase name="testSearchABranchWithBranchCode" time="13.565" classname="com.servicenow.Tests.verifyCreateSearchEditDeleteBranchFuntionality"/>
  <testcase name="testDeleteABranch" time="19.160" classname="com.servicenow.Tests.verifyCreateSearchEditDeleteBranchFuntionality"/>
  <testcase name="testSearchABranchWithBranchName" time="13.330" classname="com.servicenow.Tests.verifyCreateSearchEditDeleteBranchFuntionality"/>
</testsuite> <!-- com.servicenow.Tests.verifyCreateSearchEditDeleteBranchFuntionality -->
