<?xml version="1.0" encoding="UTF-8"?>
<!-- Generated by org.testng.reporters.JUnitReportReporter -->
<testsuite hostname="areddy-mn3" name="com.servicenow.Tests.verifyCreateNewBranchFuntionality" tests="4" failures="0" timestamp="26 Mar 2016 14:58:17 GMT" time="16.180" errors="0">
  <testcase name="testSearchABranchWithBranchName" time="0.488" classname="com.servicenow.Tests.verifyCreateNewBranchFuntionality"/>
  <testcase name="testCreateANewBranch" time="3.687" classname="com.servicenow.Tests.verifyCreateNewBranchFuntionality"/>
  <testcase name="testSearchABranchWithBranchCode" time="0.797" classname="com.servicenow.Tests.verifyCreateNewBranchFuntionality"/>
  <testcase name="testValidCredentials" time="11.208" classname="com.servicenow.Tests.verifyCreateNewBranchFuntionality"/>
</testsuite> <!-- com.servicenow.Tests.verifyCreateNewBranchFuntionality -->
